<?xml version="1.0" encoding="UTF-8"?>
<testsuite xmlns:xsi="http://www.w3.org/2001/XMLSchema-instance" xsi:noNamespaceSchemaLocation="https://maven.apache.org/surefire/maven-surefire-plugin/xsd/surefire-test-report-3.0.xsd" version="3.0" name="lodz.p.pk.sudoku.SudokuBoardTest" time="0.174" tests="5" errors="0" skipped="0" failures="0">
  <properties>
[...]
</properties>
  <testcase name="observerTest" classname="lodz.p.pk.sudoku.SudokuBoardTest" time="0.071"/>
  <testcase name="isBoardDifferent" classname="lodz.p.pk.sudoku.SudokuBoardTest" time="0.014"/>
  <testcase name="standardMethods" classname="lodz.p.pk.sudoku.SudokuBoardTest" time="0.034"/>
  <testcase name="wrongSolutionTest" classname="lodz.p.pk.sudoku.SudokuBoardTest" time="0.016"/>
  <testcase name="solutionTest" classname="lodz.p.pk.sudoku.SudokuBoardTest" time="0.008"/>
</testsuite>